TN:
SF:src\app.ts
FNF:0
FNH:0
DA:1,1
DA:2,1
DA:3,1
DA:4,1
DA:5,1
DA:6,1
DA:7,1
DA:8,1
DA:9,1
DA:10,1
DA:11,1
DA:12,1
DA:13,1
DA:14,1
DA:15,1
DA:16,1
DA:17,1
DA:18,1
DA:19,1
DA:20,1
DA:21,1
DA:22,1
DA:23,1
LF:23
LH:23
BRF:0
BRH:0
end_of_record
TN:
SF:src\app\controllers\CityController.ts
FN:7,create
FN:16,get
FNF:2
FNH:2
FNDA:2,create
FNDA:2,get
DA:1,1
DA:2,1
DA:3,1
DA:4,1
DA:5,1
DA:6,1
DA:7,1
DA:8,2
DA:9,2
DA:10,2
DA:11,2
DA:12,0
DA:13,0
DA:14,2
DA:15,1
DA:16,1
DA:17,2
DA:18,2
DA:19,2
DA:20,1
LF:20
LH:18
BRDA:7,0,0,2
BRDA:11,1,0,0
BRDA:16,2,0,2
BRF:3
BRH:2
end_of_record
TN:
SF:src\app\controllers\PersonController.ts
FN:7,create
FN:16,get
FN:25,getById
FN:34,delete
FN:43,update
FNF:5
FNH:4
FNDA:2,create
FNDA:0,get
FNDA:1,getById
FNDA:1,delete
FNDA:2,update
DA:1,1
DA:2,1
DA:3,1
DA:4,1
DA:5,1
DA:6,1
DA:7,1
DA:8,2
DA:9,2
DA:10,1
DA:11,1
DA:12,1
DA:13,1
DA:14,2
DA:15,1
DA:16,1
DA:17,0
DA:18,0
DA:19,0
DA:20,0
DA:21,0
DA:22,0
DA:23,0
DA:24,1
DA:25,1
DA:26,1
DA:27,1
DA:28,1
DA:29,1
DA:30,0
DA:31,0
DA:32,1
DA:33,1
DA:34,1
DA:35,1
DA:36,1
DA:37,1
DA:38,1
DA:39,0
DA:40,0
DA:41,1
DA:42,1
DA:43,1
DA:44,2
DA:45,2
DA:46,2
DA:47,2
DA:48,2
DA:49,2
DA:50,2
DA:51,1
LF:51
LH:40
BRDA:7,0,0,2
BRDA:10,1,0,1
BRDA:25,2,0,1
BRDA:29,3,0,0
BRDA:34,4,0,1
BRDA:38,5,0,0
BRDA:43,6,0,2
BRF:7
BRH:5
end_of_record
TN:
SF:src\app\entities\City.ts
FN:13,City
FNF:1
FNH:1
FNDA:5,City
DA:1,1
DA:2,1
DA:3,1
DA:4,1
DA:5,1
DA:6,1
DA:7,1
DA:8,1
DA:9,1
DA:10,1
DA:11,1
DA:12,1
DA:13,1
DA:14,5
DA:15,5
DA:16,5
DA:17,5
DA:18,1
LF:18
LH:18
BRDA:13,0,0,5
BRF:1
BRH:1
end_of_record
TN:
SF:src\app\entities\Person.ts
FN:24,Person
FNF:1
FNH:1
FNDA:3,Person
DA:1,1
DA:2,1
DA:3,1
DA:4,1
DA:5,1
DA:6,1
DA:7,1
DA:8,1
DA:9,1
DA:10,1
DA:11,1
DA:12,1
DA:13,1
DA:14,1
DA:15,1
DA:16,1
DA:17,1
DA:18,1
DA:19,1
DA:20,1
DA:21,1
DA:22,1
DA:23,1
DA:24,1
DA:25,3
DA:26,3
DA:27,3
DA:28,3
DA:29,1
LF:29
LH:29
BRDA:24,0,0,3
BRDA:19,1,0,2
BRF:2
BRH:2
end_of_record
TN:
SF:src\app\errors\alreadyExists.ts
FN:4,AlreadyExists
FNF:1
FNH:1
FNDA:1,AlreadyExists
DA:1,1
DA:2,1
DA:3,1
DA:4,1
DA:5,1
DA:6,1
DA:7,1
DA:8,1
DA:9,1
DA:10,1
LF:10
LH:10
BRDA:4,0,0,1
BRF:1
BRH:1
end_of_record
TN:
SF:src\app\errors\notFound.ts
FN:4,NotFound
FNF:1
FNH:1
FNDA:1,NotFound
DA:1,1
DA:2,1
DA:3,1
DA:4,1
DA:5,1
DA:6,1
DA:7,1
DA:8,1
DA:9,1
DA:10,1
LF:10
LH:10
BRDA:4,0,0,1
BRF:1
BRH:1
end_of_record
TN:
SF:src\app\repository\CityRepository.ts
FN:6,create
FN:14,get
FNF:2
FNH:2
FNDA:2,create
FNDA:4,get
DA:1,1
DA:2,1
DA:3,1
DA:4,1
DA:5,1
DA:6,1
DA:7,2
DA:8,2
DA:9,2
DA:10,2
DA:11,2
DA:12,2
DA:13,1
DA:14,1
DA:15,4
DA:16,4
DA:17,4
DA:18,4
DA:19,4
DA:20,4
DA:21,4
DA:22,4
DA:23,4
DA:24,4
DA:25,4
DA:26,4
DA:27,1
DA:28,1
DA:29,1
LF:29
LH:29
BRDA:6,0,0,2
BRDA:14,1,0,4
BRF:2
BRH:2
end_of_record
TN:
SF:src\app\repository\PersonRepository.ts
FN:5,create
FN:13,get
FN:27,getById
FN:33,delete
FN:38,update
FNF:5
FNH:4
FNDA:1,create
FNDA:0,get
FNDA:3,getById
FNDA:1,delete
FNDA:1,update
DA:1,1
DA:2,1
DA:3,1
DA:4,1
DA:5,1
DA:6,1
DA:7,1
DA:8,1
DA:9,1
DA:10,1
DA:11,1
DA:12,1
DA:13,1
DA:14,0
DA:15,0
DA:16,0
DA:17,0
DA:18,0
DA:19,0
DA:20,0
DA:21,0
DA:22,0
DA:23,0
DA:24,0
DA:25,0
DA:26,1
DA:27,1
DA:28,3
DA:29,3
DA:30,3
DA:31,3
DA:32,1
DA:33,1
DA:34,1
DA:35,1
DA:36,1
DA:37,1
DA:38,1
DA:39,1
DA:40,1
DA:41,1
DA:42,1
DA:43,1
DA:44,1
DA:45,1
LF:45
LH:33
BRDA:5,0,0,1
BRDA:27,1,0,3
BRDA:33,2,0,1
BRDA:38,3,0,1
BRDA:41,4,0,0
BRF:5
BRH:4
end_of_record
TN:
SF:src\app\serialize\CitySerialize.ts
FN:1,serialize
FN:3,serializeCity
FNF:2
FNH:1
FNDA:0,serialize
FNDA:2,serializeCity
DA:1,1
DA:2,1
DA:3,1
DA:4,2
DA:5,2
DA:6,1
DA:7,1
LF:7
LH:7
BRDA:3,0,0,2
BRF:1
BRH:1
end_of_record
TN:
SF:src\app\serialize\PersonSerialize.ts
FN:1,serialize
FN:3,serializePeople
FNF:2
FNH:0
FNDA:0,serialize
FNDA:0,serializePeople
DA:1,1
DA:2,1
DA:3,1
DA:4,0
DA:5,0
DA:6,1
DA:7,1
LF:7
LH:5
BRF:0
BRH:0
end_of_record
TN:
SF:src\app\services\CityService.ts
FN:9,create
FN:19,get
FNF:2
FNH:2
FNDA:2,create
FNDA:2,get
DA:1,1
DA:2,1
DA:3,1
DA:4,1
DA:5,1
DA:6,1
DA:7,1
DA:8,1
DA:9,1
DA:10,2
DA:11,2
DA:12,2
DA:13,0
DA:14,0
DA:15,2
DA:16,2
DA:17,2
DA:18,1
DA:19,1
DA:20,2
DA:21,2
DA:22,2
DA:23,2
DA:24,1
LF:24
LH:22
BRDA:9,0,0,2
BRDA:12,1,0,0
BRDA:19,2,0,2
BRF:3
BRH:2
end_of_record
TN:
SF:src\app\services\PersonService.ts
FN:12,create
FN:23,get
FN:29,getById
FN:37,delete
FN:45,update
FNF:5
FNH:4
FNDA:2,create
FNDA:0,get
FNDA:1,getById
FNDA:1,delete
FNDA:2,update
DA:1,1
DA:2,1
DA:3,1
DA:4,1
DA:5,1
DA:6,1
DA:7,1
DA:8,1
DA:9,1
DA:10,1
DA:11,1
DA:12,1
DA:13,2
DA:14,2
DA:15,2
DA:16,1
DA:17,1
DA:18,1
DA:19,1
DA:20,1
DA:21,1
DA:22,1
DA:23,1
DA:24,0
DA:25,0
DA:26,0
DA:27,0
DA:28,1
DA:29,1
DA:30,1
DA:31,1
DA:32,0
DA:33,0
DA:34,1
DA:35,1
DA:36,1
DA:37,1
DA:38,1
DA:39,1
DA:40,0
DA:41,0
DA:42,1
DA:43,1
DA:44,1
DA:45,1
DA:46,2
DA:47,2
DA:48,2
DA:49,2
DA:50,1
DA:51,1
DA:52,1
DA:53,1
DA:54,1
DA:55,1
LF:55
LH:47
BRDA:12,0,0,2
BRDA:15,1,0,1
BRDA:29,2,0,1
BRDA:31,3,0,0
BRDA:37,4,0,1
BRDA:39,5,0,0
BRDA:45,6,0,2
BRDA:49,7,0,1
BRF:8
BRH:6
end_of_record
TN:
SF:src\app\utils\dates.ts
FN:2,getAge
FNF:1
FNH:1
FNDA:1,getAge
DA:1,1
DA:2,1
DA:3,1
DA:4,1
DA:5,1
DA:6,1
DA:7,1
DA:8,1
DA:9,1
LF:9
LH:9
BRDA:2,0,0,1
BRF:1
BRH:1
end_of_record
TN:
SF:src\app\utils\regex.ts
FN:1,idRegex
FNF:1
FNH:1
FNDA:3,idRegex
DA:1,1
DA:2,3
DA:3,3
DA:4,3
DA:5,1
DA:6,1
LF:6
LH:6
BRDA:1,0,0,3
BRF:1
BRH:1
end_of_record
TN:
SF:src\app\validations\city\createCityValidation.ts
FN:4,Object.<anonymous>.exports.default
FNF:1
FNH:1
FNDA:2,Object.<anonymous>.exports.default
DA:1,1
DA:2,1
DA:3,1
DA:4,1
DA:5,2
DA:6,2
DA:7,2
DA:8,2
DA:9,2
DA:10,2
DA:11,2
DA:12,2
DA:13,2
DA:14,2
DA:15,2
DA:16,2
DA:17,0
DA:18,0
DA:19,2
LF:19
LH:17
BRDA:4,0,0,2
BRDA:14,1,0,0
BRDA:16,2,0,0
BRF:3
BRH:1
end_of_record
TN:
SF:src\app\validations\city\getAllCityValidation.ts
FN:4,Object.<anonymous>.exports.default
FNF:1
FNH:1
FNDA:4,Object.<anonymous>.exports.default
DA:1,1
DA:2,1
DA:3,1
DA:4,1
DA:5,4
DA:6,4
DA:7,4
DA:8,4
DA:9,4
DA:10,4
DA:11,4
DA:12,4
DA:13,4
DA:14,4
DA:15,4
DA:16,4
DA:17,2
DA:18,2
DA:19,2
DA:20,2
DA:21,4
LF:21
LH:21
BRDA:4,0,0,4
BRDA:16,1,0,2
BRF:2
BRH:2
end_of_record
TN:
SF:src\app\validations\person\createPersonValidation.ts
FN:8,Object.<anonymous>.exports.default
FNF:1
FNH:1
FNDA:3,Object.<anonymous>.exports.default
DA:1,1
DA:2,1
DA:3,1
DA:4,1
DA:5,1
DA:6,1
DA:7,1
DA:8,1
DA:9,3
DA:10,3
DA:11,3
DA:12,3
DA:13,3
DA:14,3
DA:15,3
DA:16,3
DA:17,3
DA:18,3
DA:19,3
DA:20,3
DA:21,1
DA:22,1
DA:23,3
LF:23
LH:23
BRDA:8,0,0,3
BRDA:18,1,0,1
BRDA:20,2,0,1
BRF:3
BRH:3
end_of_record
TN:
SF:src\app\validations\person\getAllPersonValidation.ts
FN:4,Object.<anonymous>.exports.default
FNF:1
FNH:0
FNDA:0,Object.<anonymous>.exports.default
DA:1,1
DA:2,1
DA:3,1
DA:4,1
DA:5,0
DA:6,0
DA:7,0
DA:8,0
DA:9,0
DA:10,0
DA:11,0
DA:12,0
DA:13,0
DA:14,0
DA:15,0
DA:16,0
DA:17,0
DA:18,0
LF:18
LH:4
BRF:0
BRH:0
end_of_record
TN:
SF:src\app\validations\person\getPersonByIdValidation.ts
FN:5,Object.<anonymous>.exports.default
FNF:1
FNH:1
FNDA:5,Object.<anonymous>.exports.default
DA:1,1
DA:2,1
DA:3,1
DA:4,1
DA:5,1
DA:6,5
DA:7,5
DA:8,5
DA:9,5
DA:10,5
DA:11,5
DA:12,5
DA:13,5
DA:14,5
DA:15,1
DA:16,1
DA:17,5
LF:17
LH:17
BRDA:5,0,0,5
BRDA:12,1,0,1
BRDA:14,2,0,1
BRF:3
BRH:3
end_of_record
TN:
SF:src\app\validations\person\updatePersonValidation.ts
FN:4,Object.<anonymous>.exports.default
FNF:1
FNH:1
FNDA:3,Object.<anonymous>.exports.default
DA:1,1
DA:2,1
DA:3,1
DA:4,1
DA:5,3
DA:6,3
DA:7,3
DA:8,3
DA:9,3
DA:10,3
DA:11,3
DA:12,3
DA:13,3
DA:14,1
DA:15,1
DA:16,3
LF:16
LH:16
BRDA:4,0,0,3
BRDA:11,1,0,1
BRDA:13,2,0,1
BRF:3
BRH:3
end_of_record
TN:
SF:src\infra\database\postgres\index.ts
FN:5,connect
FNF:1
FNH:1
FNDA:1,connect
DA:1,1
DA:2,1
DA:3,1
DA:4,1
DA:5,1
DA:6,1
DA:7,1
LF:7
LH:7
BRDA:5,0,0,1
BRF:1
BRH:1
end_of_record
TN:
SF:src\routes\city.router.ts
FNF:0
FNH:0
DA:1,1
DA:2,1
DA:3,1
DA:4,1
DA:5,1
DA:6,1
DA:7,1
DA:8,1
DA:9,1
DA:10,1
DA:11,1
LF:11
LH:11
BRF:0
BRH:0
end_of_record
TN:
SF:src\routes\index.ts
FNF:0
FNH:0
DA:1,1
DA:2,1
DA:3,1
DA:4,1
DA:5,1
DA:6,1
DA:7,1
DA:8,1
DA:9,1
DA:10,1
LF:10
LH:10
BRF:0
BRH:0
end_of_record
TN:
SF:src\routes\person.router.ts
FNF:0
FNH:0
DA:1,1
DA:2,1
DA:3,1
DA:4,1
DA:5,1
DA:6,1
DA:7,1
DA:8,1
DA:9,1
DA:10,1
DA:11,1
DA:12,1
DA:13,1
DA:14,1
DA:15,1
DA:16,1
LF:16
LH:16
BRF:0
BRH:0
end_of_record
